<?xml version="1.0" encoding="utf-8"?><testsuites><testsuite name="pytest" errors="0" failures="0" skipped="0" tests="5" time="14.752" timestamp="2024-02-13T22:52:51.493250" hostname="ip-172-31-45-106"><testcase classname="test.integration.todoApiTest.TestApi" name="test_api_addtodo" time="4.656" /><testcase classname="test.integration.todoApiTest.TestApi" name="test_api_deletetodo" time="2.982" /><testcase classname="test.integration.todoApiTest.TestApi" name="test_api_gettodo" time="0.822" /><testcase classname="test.integration.todoApiTest.TestApi" name="test_api_listtodos" time="2.759" /><testcase classname="test.integration.todoApiTest.TestApi" name="test_api_updatetodo" time="3.359" /></testsuite></testsuites>