<?xml version="1.0" encoding="utf-8"?><testsuites><testsuite errors="1" failures="0" hostname="ip-172-31-45-106" name="pytest" skipped="0" tests="1" time="0.564" timestamp="2024-02-12T11:38:00.251677"><testcase classname="" name="test.unit.TestToDo" time="0.000"><error message="collection failure">ImportError while importing test module '/var/lib/jenkins/workspace/reto2_cp1D/test/unit/TestToDo.py'.
Hint: make sure your test modules/packages have valid Python names.
Traceback:
/usr/lib/python3.6/importlib/__init__.py:126: in import_module
    return _bootstrap._gcd_import(name[level:], package, level)
test/unit/TestToDo.py:5: in &lt;module&gt;
    from moto import mock_dynamodb2
E   ImportError: cannot import name 'mock_dynamodb2'</error></testcase></testsuite></testsuites>